<?xml version="1.0" encoding="UTF-8"?>
<!-- Generated by org.testng.reporters.JUnitReportReporter -->
<testsuite hostname="DESKTOP-2F04OA6" failures="0" tests="1" name="ng.Testt1" time="0.012" errors="0" timestamp="16 Aug 2019 13:56:57 GMT" skipped="0">
  <testcase classname="ng.Testt1" name="firstTest" time="0.012"/>
</testsuite> <!-- ng.Testt1 -->
