<?xml version="1.0" encoding="UTF-8"?>
<!-- Generated by org.testng.reporters.JUnitReportReporter -->
<testsuite hostname="DESKTOP-2F04OA6" failures="0" tests="1" name="resenje.TestForElektronski" time="64.949" errors="0" timestamp="19 Aug 2019 14:07:41 GMT" skipped="0">
  <testcase classname="resenje.TestForElektronski" name="youTubeTest" time="64.949"/>
</testsuite> <!-- resenje.TestForElektronski -->
