<?xml version="1.0" encoding="UTF-8"?>
<!-- Generated by org.testng.reporters.JUnitReportReporter -->
<testsuite hostname="DESKTOP-2F04OA6" failures="0" tests="1" name="seleniumZavrsni.TestForPeople" time="120.960" errors="0" timestamp="30 Aug 2019 17:59:06 GMT" skipped="0">
  <testcase classname="seleniumZavrsni.TestForPeople" name="testForPeople" time="120.960"/>
</testsuite> <!-- seleniumZavrsni.TestForPeople -->
