<?xml version="1.0" encoding="UTF-8"?>
<!-- Generated by org.testng.reporters.JUnitReportReporter -->
<testsuite hostname="DESKTOP-2F04OA6" failures="0" tests="1" name="metacafe.TestForMetacafe" time="27.671" errors="0" timestamp="23 Aug 2019 12:36:55 GMT" skipped="0">
  <testcase classname="metacafe.TestForMetacafe" name="testForCafe" time="27.671"/>
</testsuite> <!-- metacafe.TestForMetacafe -->
