<?xml version="1.0" encoding="UTF-8"?>
<!-- Generated by org.testng.reporters.JUnitReportReporter -->
<testsuite hostname="DESKTOP-2F04OA6" failures="0" tests="1" name="htec.UnsuccessfulLoginShortPassword" time="7.646" errors="0" timestamp="22 Sep 2019 18:26:45 GMT" skipped="0">
  <testcase classname="htec.UnsuccessfulLoginShortPassword" name="testForLogin" time="7.646"/>
</testsuite> <!-- htec.UnsuccessfulLoginShortPassword -->
