<?xml version="1.0" encoding="UTF-8"?>
<!-- Generated by org.testng.reporters.JUnitReportReporter -->
<testsuite hostname="DESKTOP-2F04OA6" failures="0" tests="1" name="htec.TestForUnsuccessfulLoginInvalidEmailAddress" time="7.487" errors="0" timestamp="22 Sep 2019 18:21:32 GMT" skipped="0">
  <testcase classname="htec.TestForUnsuccessfulLoginInvalidEmailAddress" name="testForLogin" time="7.487"/>
</testsuite> <!-- htec.TestForUnsuccessfulLoginInvalidEmailAddress -->
