<?xml version="1.0" encoding="UTF-8"?>
<!-- Generated by org.testng.reporters.JUnitReportReporter -->
<testsuite hostname="DESKTOP-2F04OA6" failures="0" tests="1" name="dijana.Zadatak1" time="6.924" errors="0" timestamp="24 Aug 2019 10:58:06 GMT" skipped="0">
  <testcase classname="dijana.Zadatak1" name="youTubeTest" time="6.924"/>
</testsuite> <!-- dijana.Zadatak1 -->
