<?xml version="1.0" encoding="UTF-8"?>
<!-- Generated by org.testng.reporters.JUnitReportReporter -->
<testsuite hostname="DESKTOP-2F04OA6" failures="0" tests="1" name="seleniumZavrsni.Test2" time="43.741" errors="0" timestamp="05 Sep 2019 19:48:15 GMT" skipped="0">
  <testcase classname="seleniumZavrsni.Test2" name="testForTopCollection" time="43.741"/>
</testsuite> <!-- seleniumZavrsni.Test2 -->
