<?xml version="1.0" encoding="UTF-8"?>
<!-- Generated by org.testng.reporters.JUnitReportReporter -->
<testsuite hostname="DESKTOP-2F04OA6" failures="0" tests="1" name="htec.TestForUnsuccessfulLoginInvalidEmail" time="10.432" errors="0" timestamp="22 Sep 2019 17:53:32 GMT" skipped="0">
  <testcase classname="htec.TestForUnsuccessfulLoginInvalidEmail" name="testForLogin" time="10.432"/>
</testsuite> <!-- htec.TestForUnsuccessfulLoginInvalidEmail -->
