<?xml version="1.0" encoding="UTF-8"?>
<!-- Generated by org.testng.reporters.JUnitReportReporter -->
<testsuite hostname="DESKTOP-2F04OA6" failures="0" tests="1" name="htec.TestForUnsuccessfulLoginBlankPassword" time="8.763" errors="0" timestamp="22 Sep 2019 17:29:17 GMT" skipped="0">
  <testcase classname="htec.TestForUnsuccessfulLoginBlankPassword" name="testForLogin" time="8.763"/>
</testsuite> <!-- htec.TestForUnsuccessfulLoginBlankPassword -->
