<?xml version="1.0" encoding="UTF-8"?>
<!-- Generated by org.testng.reporters.JUnitReportReporter -->
<testsuite hostname="DESKTOP-2F04OA6" failures="0" tests="1" name="htec.TestForLogin" time="10.459" errors="0" timestamp="22 Sep 2019 15:39:42 GMT" skipped="0">
  <testcase classname="htec.TestForLogin" name="testForLogin" time="10.459"/>
</testsuite> <!-- htec.TestForLogin -->
