<?xml version="1.0" encoding="UTF-8"?>
<!-- Generated by org.testng.reporters.JUnitReportReporter -->
<testsuite hostname="DESKTOP-2F04OA6" failures="0" tests="1" name="htec.TestForUnsuccessfulLoginInvalidEmailAddress1" time="8.427" errors="0" timestamp="22 Sep 2019 18:22:59 GMT" skipped="0">
  <testcase classname="htec.TestForUnsuccessfulLoginInvalidEmailAddress1" name="testForLogin" time="8.427"/>
</testsuite> <!-- htec.TestForUnsuccessfulLoginInvalidEmailAddress1 -->
