<?xml version="1.0" encoding="UTF-8"?>
<!-- Generated by org.testng.reporters.JUnitReportReporter -->
<testsuite hostname="DESKTOP-2F04OA6" failures="0" tests="1" name="htec.TestForUnsuccessfulLoginLongPassword" time="8.321" errors="0" timestamp="22 Sep 2019 18:30:00 GMT" skipped="0">
  <testcase classname="htec.TestForUnsuccessfulLoginLongPassword" name="testForLogin" time="8.321"/>
</testsuite> <!-- htec.TestForUnsuccessfulLoginLongPassword -->
