<?xml version="1.0" encoding="UTF-8"?>
<!-- Generated by org.testng.reporters.JUnitReportReporter -->
<testsuite hostname="DESKTOP-2F04OA6" failures="0" tests="1" name="zavrsni.TestForArchive" time="19.103" errors="0" timestamp="25 Aug 2019 17:15:27 GMT" skipped="0">
  <testcase classname="zavrsni.TestForArchive" name="youTubeTest" time="19.103"/>
</testsuite> <!-- zavrsni.TestForArchive -->
