<?xml version="1.0" encoding="UTF-8"?>
<!-- Generated by org.testng.reporters.JUnitReportReporter -->
<testsuite hostname="DESKTOP-2F04OA6" failures="0" tests="1" name="seleniumZavrsni.Test3" time="6.346" errors="0" timestamp="30 Aug 2019 17:18:45 GMT" skipped="0">
  <testcase classname="seleniumZavrsni.Test3" name="testForTopCollection" time="6.346"/>
</testsuite> <!-- seleniumZavrsni.Test3 -->
