<?xml version="1.0" encoding="UTF-8"?>
<!-- Generated by org.testng.reporters.JUnitReportReporter -->
<testsuite hostname="DESKTOP-2F04OA6" failures="0" tests="1" name="nono.TestForML" time="9.155" errors="0" timestamp="22 Aug 2019 11:43:25 GMT" skipped="0">
  <testcase classname="nono.TestForML" name="youTubeTest" time="9.155"/>
</testsuite> <!-- nono.TestForML -->
