<?xml version="1.0" encoding="UTF-8"?>
<!-- Generated by org.testng.reporters.JUnitReportReporter -->
<testsuite hostname="DESKTOP-2F04OA6" failures="0" tests="1" name="htec.TestForLoginScreeTabFunctionality" time="14.279" errors="0" timestamp="22 Sep 2019 18:42:56 GMT" skipped="0">
  <testcase classname="htec.TestForLoginScreeTabFunctionality" name="testForLogin" time="14.279"/>
</testsuite> <!-- htec.TestForLoginScreeTabFunctionality -->
