<?xml version="1.0" encoding="UTF-8"?>
<!-- Generated by org.testng.reporters.JUnitReportReporter -->
<testsuite hostname="DESKTOP-2F04OA6" failures="0" tests="1" name="marko.Test1" time="9.385" errors="0" timestamp="20 Aug 2019 15:24:08 GMT" skipped="0">
  <testcase classname="marko.Test1" name="youTubeTest" time="9.385"/>
</testsuite> <!-- marko.Test1 -->
