<?xml version="1.0" encoding="UTF-8"?>
<!-- Generated by org.testng.reporters.JUnitReportReporter -->
<testsuite hostname="DESKTOP-2F04OA6" failures="0" tests="1" name="metacafe.TestForSignUp" time="19.588" errors="0" timestamp="15 Sep 2019 19:25:28 GMT" skipped="0">
  <testcase classname="metacafe.TestForSignUp" name="testForCafe" time="19.588"/>
</testsuite> <!-- metacafe.TestForSignUp -->
