<?xml version="1.0" encoding="UTF-8"?>
<!-- Generated by org.testng.reporters.JUnitReportReporter -->
<testsuite hostname="DESKTOP-2F04OA6" failures="0" tests="1" name="htec.TestForUnsuccessfulLoginBlanEmail" time="8.466" errors="0" timestamp="22 Sep 2019 17:24:39 GMT" skipped="0">
  <testcase classname="htec.TestForUnsuccessfulLoginBlanEmail" name="testForLogin" time="8.466"/>
</testsuite> <!-- htec.TestForUnsuccessfulLoginBlanEmail -->
