<?xml version="1.0" encoding="UTF-8"?>
<!-- Generated by org.testng.reporters.JUnitReportReporter -->
<testsuite hostname="DESKTOP-2F04OA6" failures="0" tests="1" name="jovana.ElfakTest" time="24.178" errors="0" timestamp="24 Aug 2019 10:38:35 GMT" skipped="0">
  <testcase classname="jovana.ElfakTest" name="elfakTest" time="24.178"/>
</testsuite> <!-- jovana.ElfakTest -->
