<?xml version="1.0" encoding="UTF-8"?>
<!-- Generated by org.testng.reporters.JUnitReportReporter -->
<testsuite hostname="DESKTOP-2F04OA6" failures="0" tests="1" name="marija.Test2" time="14.308" errors="0" timestamp="24 Aug 2019 10:16:55 GMT" skipped="0">
  <testcase classname="marija.Test2" name="firstTest" time="14.308"/>
</testsuite> <!-- marija.Test2 -->
