<?xml version="1.0" encoding="UTF-8"?>
<!-- Generated by org.testng.reporters.JUnitReportReporter -->
<testsuite hostname="DESKTOP-2F04OA6" failures="0" tests="1" name="htec.TestForUnsuccessfulLoginInvaliEmail" time="8.790" errors="0" timestamp="22 Sep 2019 18:18:28 GMT" skipped="0">
  <testcase classname="htec.TestForUnsuccessfulLoginInvaliEmail" name="testForLogin" time="8.790"/>
</testsuite> <!-- htec.TestForUnsuccessfulLoginInvaliEmail -->
