<?xml version="1.0" encoding="UTF-8"?>
<!-- Generated by org.testng.reporters.JUnitReportReporter -->
<testsuite hostname="DESKTOP-2F04OA6" failures="0" tests="1" name="seleniumZavrsni.Test2" time="26.316" errors="0" timestamp="29 Aug 2019 21:53:57 GMT" skipped="0">
  <testcase classname="seleniumZavrsni.Test2" name="testForTopCollection" time="26.316"/>
</testsuite> <!-- seleniumZavrsni.Test2 -->
