<?xml version="1.0" encoding="UTF-8"?>
<!-- Generated by org.testng.reporters.JUnitReportReporter -->
<testsuite hostname="DESKTOP-2F04OA6" failures="0" tests="1" name="vezbaZaTestMarko.TestForYouTubeQa" time="3.225" errors="0" timestamp="19 Aug 2019 14:10:32 GMT" skipped="0">
  <testcase classname="vezbaZaTestMarko.TestForYouTubeQa" name="youTubeTest" time="3.225"/>
</testsuite> <!-- vezbaZaTestMarko.TestForYouTubeQa -->
