<?xml version="1.0" encoding="UTF-8"?>
<!-- Generated by org.testng.reporters.JUnitReportReporter -->
<testsuite hostname="DESKTOP-2F04OA6" failures="0" tests="1" name="ng.TestForShoes" time="23.309" errors="0" timestamp="14 Aug 2019 20:41:37 GMT" skipped="0">
  <testcase classname="ng.TestForShoes" name="test" time="23.309"/>
</testsuite> <!-- ng.TestForShoes -->
