<?xml version="1.0" encoding="UTF-8"?>
<!-- Generated by org.testng.reporters.JUnitReportReporter -->
<testsuite hostname="DESKTOP-2F04OA6" failures="0" tests="1" name="seleniumZavrsni.Test5" time="11.837" errors="0" timestamp="30 Aug 2019 16:40:44 GMT" skipped="0">
  <testcase classname="seleniumZavrsni.Test5" name="testForTopCollection" time="11.837"/>
</testsuite> <!-- seleniumZavrsni.Test5 -->
