<?xml version="1.0" encoding="UTF-8"?>
<!-- Generated by org.testng.reporters.JUnitReportReporter -->
<testsuite hostname="DESKTOP-2F04OA6" failures="0" tests="1" name="htec.TesrForUnsuccessfulLoginInvalidEmail" time="15.436" errors="0" timestamp="22 Sep 2019 17:36:30 GMT" skipped="0">
  <testcase classname="htec.TesrForUnsuccessfulLoginInvalidEmail" name="testForLogin" time="15.436"/>
</testsuite> <!-- htec.TesrForUnsuccessfulLoginInvalidEmail -->
