<?xml version="1.0" encoding="UTF-8"?>
<!-- Generated by org.testng.reporters.JUnitReportReporter -->
<testsuite hostname="DESKTOP-2F04OA6" failures="0" tests="1" name="seleniumZavrsni.Test1" time="9.293" errors="0" timestamp="29 Aug 2019 21:52:59 GMT" skipped="0">
  <testcase classname="seleniumZavrsni.Test1" name="testForTopCollection" time="9.293"/>
</testsuite> <!-- seleniumZavrsni.Test1 -->
