<?xml version="1.0" encoding="UTF-8"?>
<!-- Generated by org.testng.reporters.JUnitReportReporter -->
<testsuite hostname="DESKTOP-2F04OA6" failures="0" tests="1" name="pavle.Zadatak2" time="14.899" errors="0" timestamp="24 Aug 2019 11:30:09 GMT" skipped="0">
  <testcase classname="pavle.Zadatak2" name="infoStudTest" time="14.899"/>
</testsuite> <!-- pavle.Zadatak2 -->
