<?xml version="1.0" encoding="UTF-8"?>
<!-- Generated by org.testng.reporters.JUnitReportReporter -->
<testsuite hostname="DESKTOP-2F04OA6" failures="0" tests="1" name="marija.Test1" time="6.286" errors="0" timestamp="24 Aug 2019 10:30:37 GMT" skipped="0">
  <testcase classname="marija.Test1" name="youTubeTest" time="6.286"/>
</testsuite> <!-- marija.Test1 -->
