<?xml version="1.0" encoding="UTF-8"?>
<!-- Generated by org.testng.reporters.JUnitReportReporter -->
<testsuite hostname="DESKTOP-2F04OA6" failures="0" tests="1" name="htec.TestForTabAndEnterButtonFunctionality" time="2.108" errors="0" timestamp="22 Sep 2019 19:26:53 GMT" skipped="0">
  <testcase classname="htec.TestForTabAndEnterButtonFunctionality" name="testForLogin" time="2.108"/>
</testsuite> <!-- htec.TestForTabAndEnterButtonFunctionality -->
