<?xml version="1.0" encoding="UTF-8"?>
<!-- Generated by org.testng.reporters.JUnitReportReporter -->
<testsuite hostname="DESKTOP-2F04OA6" failures="0" tests="1" name="demo.TestForPhp" time="27.456" errors="0" timestamp="21 Aug 2019 11:03:43 GMT" skipped="0">
  <testcase classname="demo.TestForPhp" name="testForPhp" time="27.456"/>
</testsuite> <!-- demo.TestForPhp -->
